INFO - Array
(
    [name] => 正木貴大
    [university] => 法政大学
    [faculty] => 情報科学部
    [graduating] => 2018
    [phone] => 00000000000
    [mail] => takahiro.masaki.givery@gmail.com
    [role] => HACKER
    [sex] => MALE
    [enthusiasm] => ewkfioewhnlvchnvloehqjp]fvjoieahqwp
)

INFO - Array
(
    [name] => 正木貴大
    [university] => 法政大学
    [faculty] => 情報科学部
    [graduating] => 2018
    [phone] => 00000000000
    [mail] => takahiro.masaki.givery@gmail.com
    [role] => HACKER
    [sex] => MALE
    [enthusiasm] => gewjkbfuehw;ngfo:eq
)

INFO - Array
(
    [name] => ふぇをｆんｑ
    [university] => えｗｖｇ
    [faculty] => げｗ
    [graduating] => 2016
    [phone] => 00000000000
    [mail] => takahiro.masaki.givery@gmail.com
    [role] => HACKER
    [sex] => MALE
    [enthusiasm] => 公式のライブラリを探す そこで、Twitterの文字数カウントと同じ方法で計算するためのライブラリがあるか探したらありました。 PHP,Java,Ruby,Python,JS用のライブラリが用意されているようです。 https://dev.twitter.com/docs/tco-url-wrapper/how-twitter-wrap-urls ただ自分が普段利用しているPHPのためのライブラリは、 短縮URLを展開するものであったり投稿からハッシュタグのみ抽出するものであったりして、 直接文字数をカウントする関数というものが無いです。 フォーク先のライブラリを使う直接文字数をカウントする関数というものが無いです。 フォーク先のライブラリを使う フォーク先のライブラリを使う直接文字数をカウントする関数というものが無いです。 フォーク先のライう フォーク先のライブラリを使う直接文字aaaa
)

INFO - Array
(
    [name] => veajpovjwojfpe
    [university] => cdnsvijrpoejov
    [faculty] => cpdsovmeojbo
    [graduating] => 1
    [phone] => 00000000000
    [mail] => takahiro.masaki.givery@gmail.com
    [role] => DIRECTOR
    [sex] => MALE
    [enthusiasm] => dwjbfuiwqhg;fi;p
    [privacy] => 同意する
)

INFO - Array
(
    [name] => masao9
    [university] => vdsopjvopjp
    [faculty] => vhisho;hvap
    [graduating] => 2018
    [phone] => 00000000000
    [mail] => takahiro.masaki.givery@gmail.com
    [role] => HACKER
    [sex] => MALE
    [enthusiasm] =>  askbvlmvnl;wneibiowbeoibvaewd
    [privacy] => 同意する
)

INFO - Array
(
    [name] => 正木貴大
    [university] => 法政大学
    [faculty] => 情報科学部
    [graduating] => 2018
    [phone] => 00000000000
    [mail] => takahiro.masaki.givery@gmail.com
    [role] => HACKER
    [sex] => MALE
    [enthusiasm] => j
    [privacy] => 同意する
)

INFO - Array
(
    [name] => 正木 貴大
    [university] => 正木 貴大
    [faculty] => 正木 貴大
    [graduating] => 2017
    [phone] => 00000000000
    [mail] => takahiro.masaki.givery@gmail.com
    [role] => HACKER
    [sex] => MALE
    [enthusiasm] => few
    [privacy] => 同意する
)

INFO - Array
(
    [name] => 正木貴大
    [university] => 法政大学
    [faculty] => げｗ
    [graduating] => 2016
    [phone] => 00000000000
    [mail] => takahiro.masaki.givery@gmail.com
    [role] => HACKER
    [sex] => MALE
    [enthusiasm] => lk ibvuf8ou
    [privacy] => 同意する
)

INFO - Array
(
    [name] => 正木 貴大
    [university] => 正木 貴大
    [faculty] => 正木 貴大
    [graduating] => 2017
    [phone] => 00000000000
    [mail] => takahiro.masaki.givery@gmail.com
    [role] => HACKER
    [sex] => MALE
    [enthusiasm] => ibv euivugoibio
)

INFO - Array
(
    [name] => 正木貴大
    [university] => 法政大学
    [faculty] => 情報科学部
    [graduating] => 2017
    [phone] => 00000000000
    [mail] => tm119_fender-i.m-dreamer@hotmail.co.jp
    [role] => HACKER
    [sex] => MALE
    [enthusiasm] => hsben
)

INFO - Array
(
    [name] => fehwuhfo
    [university] => njvbiefdnfion
    [faculty] => nbnibveiphrngiov
    [graduating] => 2018
    [phone] => 00000000000
    [mail] => takahiro.masaki.givery@gmail.com
    [role] => HACKER
    [sex] => MALE
    [enthusiasm] => iegwkuigbfikncqlkifew
    [privacy] => 同意する
)

INFO - Array
(
    [name] => 正木貴大
    [university] => 法政大学
    [faculty] => 情報科学部
    [graduating] => 1
    [phone] => 00000000000
    [mail] => takahiro.masaki.givery@gmail.com
    [role] => HACKER
    [sex] => MALE
    [enthusiasm] => s
    [privacy] => 同意する
)

